<?xml version="1.0" encoding="UTF-8"?>
<!-- Generated by org.testng.reporters.JUnitReportReporter -->
<testsuite hostname="DESKTOP-CFJ1EVH" failures="0" tests="1" name="Test.TInicial" time="41.497" errors="0" timestamp="2022-06-27T13:34:07 CDT" skipped="0">
  <testcase classname="Test.TInicial" name="Iniciar" time="41.497"/>
  <system-out/>
</testsuite> <!-- Test.TInicial -->
