<?xml version="1.0" encoding="UTF-8"?>
<!-- Generated by org.testng.reporters.JUnitReportReporter -->
<testsuite hostname="DESKTOP-CFJ1EVH" failures="0" tests="2" name="Test.TCompra" time="7.593" errors="0" timestamp="2022-06-27T13:34:07 CDT" skipped="0">
  <testcase classname="Test.TCompra" name="Comprar" time="5.434"/>
  <system-out/>
  <testcase classname="Test.TCompra" name="Comprar" time="2.159"/>
  <system-out/>
</testsuite> <!-- Test.TCompra -->
