<?xml version="1.0" encoding="UTF-8"?>
<!-- Generated by org.testng.reporters.JUnitReportReporter -->
<testsuite hostname="DESKTOP-CFJ1EVH" failures="0" tests="3" name="Test.TValidar" time="3.042" errors="0" timestamp="2022-06-27T13:34:07 CDT" skipped="0">
  <testcase classname="Test.TValidar" name="Validar_precio" time="1.624"/>
  <system-out/>
  <testcase classname="Test.TValidar" name="Valida_productos" time="0.694"/>
  <system-out/>
  <testcase classname="Test.TValidar" name="Valida_productos" time="0.724"/>
  <system-out/>
</testsuite> <!-- Test.TValidar -->
