<?xml version="1.0" encoding="UTF-8"?>
<!-- Generated by org.testng.reporters.JUnitReportReporter -->
<testsuite hostname="DESKTOP-CFJ1EVH" failures="0" tests="2" name="Test.TNavegar" time="10.817" errors="0" timestamp="2022-06-27T13:34:07 CDT" skipped="0">
  <testcase classname="Test.TNavegar" name="Validar_precio" time="7.974"/>
  <system-out/>
  <testcase classname="Test.TNavegar" name="Regresar" time="2.843"/>
  <system-out/>
</testsuite> <!-- Test.TNavegar -->
